Arguments: 
  C:\Program Files\nodejs\node.exe C:\Program Files (x86)\Yarn\bin\yarn.js start

PATH: 
  C:\Program Files (x86)\Common Files\Oracle\Java\javapath;C:\Python38\Scripts\;C:\Python38\;C:\WINDOWS\system32;C:\WINDOWS;C:\WINDOWS\System32\Wbem;C:\WINDOWS\System32\WindowsPowerShell\v1.0\;C:\WINDOWS\System32\OpenSSH\;C:\Program Files\PuTTY\;C:\php;C:\Program Files (x86)\Yarn\bin\;C:\ProgramData\chocolatey\bin;C:\Program Files\nodejs\;C;C:\Program Files\VSCodium\bin;C:\Program Files\Docker\Docker\resources\bin;C:\ProgramData\DockerDesktop\version-bin;C:\Program Files\Git\cmd;C:\Users\Banco3\.poetry\bin;C:\Users\Banco3\AppData\Local\Programs\Python\Python38-32\Scripts\;C:\Users\Banco3\AppData\Local\Programs\Python\Python38-32\;C:\Users\Banco3\AppData\Local\Programs\Python\Python37-32\Scripts\;C:\Users\Banco3\AppData\Local\Programs\Python\Python37-32\;C:\Users\Banco3\AppData\Local\Microsoft\WindowsApps;C:\Program Files\nodejs\bin;C:\Program Files\MongoDB\Server\4.0\bin;C:\php\;C:\Program Files\JetBrains\PyCharm Community Edition 2019.2.4\bin;C:\Users\Banco3\AppData\Local\Yarn\bin;C:\Program Files\JetBrains\WebStorm 2020.1.4\bin;C:\Users\Banco3\AppData\Roaming\npm;C:\Users\Banco3\AppData\Local\Microsoft\WindowsApps;C:\tools\dart-sdk\bin;C:\Users\Banco3\AppData\Roaming\Pub\Cache\bin

Yarn version: 
  1.22.4

Node version: 
  12.18.3

Platform: 
  win32 x64

Trace: 
  SyntaxError: C:\Users\Banco3\Desktop\Sigarette\package.json: Unexpected token } in JSON at position 139
      at JSON.parse (<anonymous>)
      at C:\Program Files (x86)\Yarn\lib\cli.js:1625:59
      at Generator.next (<anonymous>)
      at step (C:\Program Files (x86)\Yarn\lib\cli.js:310:30)
      at C:\Program Files (x86)\Yarn\lib\cli.js:321:13

npm manifest: 
  {
    "name": "Sigarette",
    "version": "1.0.0",
    "main": "index.js",
    "license": "MIT",
    "scripts": {
      "start": "node ./index.js",
  
    },
    "dependencies": {
      "pdf2table": "^0.0.2"
    }
  }

yarn manifest: 
  No manifest

Lockfile: 
  # THIS IS AN AUTOGENERATED FILE. DO NOT EDIT THIS FILE DIRECTLY.
  # yarn lockfile v1
  
  
  async@>=0.2.6:
    version "3.2.0"
    resolved "https://registry.yarnpkg.com/async/-/async-3.2.0.tgz#b3a2685c5ebb641d3de02d161002c60fc9f85720"
    integrity sha512-TR2mEZFVOj2pLStYxLht7TyfuRzaydfpxr3k9RpHIzMgw7A64dzsdqCxH1WJyQdoe8T10nDXd9wnEigmiuHIZw==
  
  minimist@~0.0.1:
    version "0.0.10"
    resolved "https://registry.yarnpkg.com/minimist/-/minimist-0.0.10.tgz#de3f98543dbf96082be48ad1a0c7cda836301dcf"
    integrity sha1-3j+YVD2/lggr5IrRoMfNqDYwHc8=
  
  optimist@>=0.3.5:
    version "0.6.1"
    resolved "https://registry.yarnpkg.com/optimist/-/optimist-0.6.1.tgz#da3ea74686fa21a19a111c326e90eb15a0196686"
    integrity sha1-2j6nRob6IaGaERwybpDrFaAZZoY=
    dependencies:
      minimist "~0.0.1"
      wordwrap "~0.0.2"
  
  pdf2json@^0.7.1:
    version "0.7.1"
    resolved "https://registry.yarnpkg.com/pdf2json/-/pdf2json-0.7.1.tgz#8888d73c26938e4d8887b633d6e4b4422dcd30cb"
    integrity sha1-iIjXPCaTjk2Ih7Yz1uS0Qi3NMMs=
    dependencies:
      async ">=0.2.6"
      optimist ">=0.3.5"
      underscore ">=1.4.2"
      xmldom ">=0.1.13"
  
  pdf2table@^0.0.2:
    version "0.0.2"
    resolved "https://registry.yarnpkg.com/pdf2table/-/pdf2table-0.0.2.tgz#c1780554801df3c62d6f9b50d661944d2fa8504d"
    integrity sha1-wXgFVIAd88Ytb5tQ1mGUTS+oUE0=
    dependencies:
      pdf2json "^0.7.1"
  
  underscore@>=1.4.2:
    version "1.12.1"
    resolved "https://registry.yarnpkg.com/underscore/-/underscore-1.12.1.tgz#7bb8cc9b3d397e201cf8553336d262544ead829e"
    integrity sha512-hEQt0+ZLDVUMhebKxL4x1BTtDY7bavVofhZ9KZ4aI26X9SRaE+Y3m83XUL1UP2jn8ynjndwCCpEHdUG+9pP1Tw==
  
  wordwrap@~0.0.2:
    version "0.0.3"
    resolved "https://registry.yarnpkg.com/wordwrap/-/wordwrap-0.0.3.tgz#a3d5da6cd5c0bc0008d37234bbaf1bed63059107"
    integrity sha1-o9XabNXAvAAI03I0u68b7WMFkQc=
  
  xmldom@>=0.1.13:
    version "0.5.0"
    resolved "https://registry.yarnpkg.com/xmldom/-/xmldom-0.5.0.tgz#193cb96b84aa3486127ea6272c4596354cb4962e"
    integrity sha512-Foaj5FXVzgn7xFzsKeNIde9g6aFBxTPi37iwsno8QvApmtg7KYrr+OPyRHcJF7dud2a5nGRBXK3n0dL62Gf7PA==
